Release 14.7 - xst P.20131013 (nt64)
Copyright (c) 1995-2013 Xilinx, Inc.  All rights reserved.
--> Parameter TMPDIR set to xst/projnav.tmp


Total REAL time to Xst completion: 0.00 secs
Total CPU time to Xst completion: 0.11 secs
 
--> Parameter xsthdpdir set to xst


Total REAL time to Xst completion: 0.00 secs
Total CPU time to Xst completion: 0.11 secs
 
--> Reading design: basic_uart.prj

TABLE OF CONTENTS
  1) Synthesis Options Summary
  2) HDL Parsing
  3) HDL Elaboration
  4) HDL Synthesis
       4.1) HDL Synthesis Report
  5) Advanced HDL Synthesis
       5.1) Advanced HDL Synthesis Report
  6) Low Level Synthesis
  7) Partition Report
  8) Design Summary
       8.1) Primitive and Black Box Usage
       8.2) Device utilization summary
       8.3) Partition Resource Summary
       8.4) Timing Report
            8.4.1) Clock Information
            8.4.2) Asynchronous Control Signals Information
            8.4.3) Timing Summary
            8.4.4) Timing Details
            8.4.5) Cross Clock Domains Report


=========================================================================
*                      Synthesis Options Summary                        *
=========================================================================
---- Source Parameters
Input File Name                    : "basic_uart.prj"
Ignore Synthesis Constraint File   : NO

---- Target Parameters
Output File Name                   : "basic_uart"
Output Format                      : NGC
Target Device                      : xc6slx16-2-csg324

---- Source Options
Top Module Name                    : basic_uart
Automatic FSM Extraction           : YES
FSM Encoding Algorithm             : Auto
Safe Implementation                : No
FSM Style                          : LUT
RAM Extraction                     : Yes
RAM Style                          : Auto
ROM Extraction                     : Yes
Shift Register Extraction          : YES
ROM Style                          : Auto
Resource Sharing                   : YES
Asynchronous To Synchronous        : NO
Shift Register Minimum Size        : 2
Use DSP Block                      : Auto
Automatic Register Balancing       : No

---- Target Options
LUT Combining                      : Auto
Reduce Control Sets                : Auto
Add IO Buffers                     : YES
Global Maximum Fanout              : 100000
Add Generic Clock Buffer(BUFG)     : 16
Register Duplication               : YES
Optimize Instantiated Primitives   : NO
Use Clock Enable                   : Auto
Use Synchronous Set                : Auto
Use Synchronous Reset              : Auto
Pack IO Registers into IOBs        : Auto
Equivalent register Removal        : YES

---- General Options
Optimization Goal                  : Speed
Optimization Effort                : 1
Power Reduction                    : NO
Keep Hierarchy                     : No
Netlist Hierarchy                  : As_Optimized
RTL Output                         : Yes
Global Optimization                : AllClockNets
Read Cores                         : YES
Write Timing Constraints           : NO
Cross Clock Analysis               : NO
Hierarchy Separator                : /
Bus Delimiter                      : <>
Case Specifier                     : Maintain
Slice Utilization Ratio            : 100
BRAM Utilization Ratio             : 100
DSP48 Utilization Ratio            : 100
Auto BRAM Packing                  : NO
Slice Utilization Ratio Delta      : 5

=========================================================================


=========================================================================
*                          HDL Parsing                                  *
=========================================================================
Parsing VHDL file "C:\Users\Bruno Vieira\Desktop\FPGAmbiarra\fpga\main.vhd" into library work
Parsing entity <basic_uart>.
Parsing architecture <Behavioral> of entity <basic_uart>.

=========================================================================
*                            HDL Elaboration                            *
=========================================================================

Elaborating entity <basic_uart> (architecture <Behavioral>) with generics from library <work>.

=========================================================================
*                           HDL Synthesis                               *
=========================================================================

Synthesizing Unit <basic_uart>.
    Related source file is "C:\Users\Bruno Vieira\Desktop\FPGAmbiarra\fpga\main.vhd".
        DIVISOR = 54
    Found 1-bit register for signal <tx_ready>.
    Found 9-bit register for signal <tx_state_bits>.
    Found 8-bit register for signal <rx_data>.
    Found 4-bit register for signal <rx_state_nbits>.
    Found 4-bit register for signal <tx_state_nbits>.
    Found 6-bit register for signal <sample_counter>.
    Found 1-bit register for signal <sample>.
    Found 1-bit register for signal <rx_state_fsm_state>.
    Found 1-bit register for signal <rx_enable>.
    Found 1-bit register for signal <tx_state_fsm_state>.
    Found 4-bit register for signal <rx_state_counter>.
    Found 4-bit register for signal <tx_state_counter>.
    Found 6-bit adder for signal <sample_counter[5]_GND_6_o_add_1_OUT> created at line 74.
    Found 4-bit adder for signal <rx_state_nbits[3]_GND_6_o_add_14_OUT> created at line 125.
    Found 4-bit adder for signal <rx_state_counter[3]_GND_6_o_add_19_OUT> created at line 128.
    Found 4-bit adder for signal <tx_state_counter[3]_GND_6_o_add_40_OUT> created at line 180.
    Found 4-bit subtractor for signal <GND_6_o_GND_6_o_sub_34_OUT<3:0>> created at line 177.
    Summary:
	inferred   5 Adder/Subtractor(s).
	inferred  44 D-type flip-flop(s).
	inferred  12 Multiplexer(s).
Unit <basic_uart> synthesized.

=========================================================================
HDL Synthesis Report

Macro Statistics
# Adders/Subtractors                                   : 5
 4-bit adder                                           : 3
 4-bit subtractor                                      : 1
 6-bit adder                                           : 1
# Registers                                            : 12
 1-bit register                                        : 5
 4-bit register                                        : 4
 6-bit register                                        : 1
 8-bit register                                        : 1
 9-bit register                                        : 1
# Multiplexers                                         : 12
 1-bit 2-to-1 multiplexer                              : 4
 4-bit 2-to-1 multiplexer                              : 3
 6-bit 2-to-1 multiplexer                              : 1
 8-bit 2-to-1 multiplexer                              : 1
 9-bit 2-to-1 multiplexer                              : 3

=========================================================================

=========================================================================
*                       Advanced HDL Synthesis                          *
=========================================================================


Synthesizing (advanced) Unit <basic_uart>.
The following registers are absorbed into counter <sample_counter>: 1 register on signal <sample_counter>.
The following registers are absorbed into counter <rx_state_nbits>: 1 register on signal <rx_state_nbits>.
The following registers are absorbed into counter <rx_state_counter>: 1 register on signal <rx_state_counter>.
The following registers are absorbed into counter <tx_state_counter>: 1 register on signal <tx_state_counter>.
Unit <basic_uart> synthesized (advanced).

=========================================================================
Advanced HDL Synthesis Report

Macro Statistics
# Adders/Subtractors                                   : 1
 4-bit subtractor                                      : 1
# Counters                                             : 4
 4-bit up counter                                      : 3
 6-bit up counter                                      : 1
# Registers                                            : 26
 Flip-Flops                                            : 26
# Multiplexers                                         : 10
 1-bit 2-to-1 multiplexer                              : 4
 4-bit 2-to-1 multiplexer                              : 2
 8-bit 2-to-1 multiplexer                              : 1
 9-bit 2-to-1 multiplexer                              : 3

=========================================================================

=========================================================================
*                         Low Level Synthesis                           *
=========================================================================

Optimizing unit <basic_uart> ...
INFO:Xst:3203 - The FF/Latch <tx_state_fsm_state> in Unit <basic_uart> is the opposite to the following FF/Latch, which will be removed : <tx_state_ready> 

Mapping all equations...
Building and optimizing final netlist ...
Found area constraint ratio of 100 (+ 5) on block basic_uart, actual ratio is 0.
FlipFlop sample has been replicated 2 time(s)

Final Macro Processing ...

=========================================================================
Final Register Report

Macro Statistics
# Registers                                            : 45
 Flip-Flops                                            : 45

=========================================================================

=========================================================================
*                           Partition Report                            *
=========================================================================

Partition Implementation Status
-------------------------------

  No Partitions were found in this design.

-------------------------------

=========================================================================
*                            Design Summary                             *
=========================================================================

Top Level Output File Name         : basic_uart.ngc

Primitive and Black Box Usage:
------------------------------
# BELS                             : 54
#      INV                         : 2
#      LUT2                        : 4
#      LUT3                        : 3
#      LUT4                        : 7
#      LUT5                        : 13
#      LUT6                        : 24
#      MUXF7                       : 1
# FlipFlops/Latches                : 45
#      FD                          : 4
#      FDC                         : 24
#      FDCE                        : 4
#      FDPE                        : 9
#      FDRE                        : 4
# Clock Buffers                    : 1
#      BUFGP                       : 1
# IO Buffers                       : 22
#      IBUF                        : 11
#      OBUF                        : 11

Device utilization summary:
---------------------------

Selected Device : 6slx16csg324-2 


Slice Logic Utilization: 
 Number of Slice Registers:              45  out of  18224     0%  
 Number of Slice LUTs:                   53  out of   9112     0%  
    Number used as Logic:                53  out of   9112     0%  

Slice Logic Distribution: 
 Number of LUT Flip Flop pairs used:     54
   Number with an unused Flip Flop:       9  out of     54    16%  
   Number with an unused LUT:             1  out of     54     1%  
   Number of fully used LUT-FF pairs:    44  out of     54    81%  
   Number of unique control sets:         4

IO Utilization: 
 Number of IOs:                          23
 Number of bonded IOBs:                  23  out of    232     9%  

Specific Feature Utilization:
 Number of BUFG/BUFGCTRLs:                1  out of     16     6%  

---------------------------
Partition Resource Summary:
---------------------------

  No Partitions were found in this design.

---------------------------


=========================================================================
Timing Report

NOTE: THESE TIMING NUMBERS ARE ONLY A SYNTHESIS ESTIMATE.
      FOR ACCURATE TIMING INFORMATION PLEASE REFER TO THE TRACE REPORT
      GENERATED AFTER PLACE-and-ROUTE.

Clock Information:
------------------
-----------------------------------+------------------------+-------+
Clock Signal                       | Clock buffer(FF name)  | Load  |
-----------------------------------+------------------------+-------+
clk                                | BUFGP                  | 45    |
-----------------------------------+------------------------+-------+

Asynchronous Control Signals Information:
----------------------------------------
No asynchronous control signals found in this design

Timing Summary:
---------------
Speed Grade: -2

   Minimum period: 3.464ns (Maximum Frequency: 288.684MHz)
   Minimum input arrival time before clock: 4.719ns
   Maximum output required time after clock: 5.658ns
   Maximum combinational path delay: No path found

Timing Details:
---------------
All values displayed in nanoseconds (ns)

=========================================================================
Timing constraint: Default period analysis for Clock 'clk'
  Clock period: 3.464ns (frequency: 288.684MHz)
  Total number of paths / destination ports: 407 / 66
-------------------------------------------------------------------------
Delay:               3.464ns (Levels of Logic = 1)
  Source:            tx_state_fsm_state (FF)
  Destination:       tx_state_bits_0 (FF)
  Source Clock:      clk rising
  Destination Clock: clk rising

  Data Path: tx_state_fsm_state to tx_state_bits_0
                                Gate     Net
    Cell:in->out      fanout   Delay   Delay  Logical Name (Net Name)
    ----------------------------------------  ------------
     FDC:C->Q             20   0.525   1.286  tx_state_fsm_state (tx_state_fsm_state)
     LUT6:I5->O           13   0.254   1.097  _n0168_inv1 (_n0168_inv)
     FDPE:CE                   0.302          tx_state_bits_0
    ----------------------------------------
    Total                      3.464ns (1.081ns logic, 2.383ns route)
                                       (31.2% logic, 68.8% route)

=========================================================================
Timing constraint: Default OFFSET IN BEFORE for Clock 'clk'
  Total number of paths / destination ports: 73 / 64
-------------------------------------------------------------------------
Offset:              4.719ns (Levels of Logic = 2)
  Source:            reset (PAD)
  Destination:       rx_state_counter_0 (FF)
  Destination Clock: clk rising

  Data Path: reset to rx_state_counter_0
                                Gate     Net
    Cell:in->out      fanout   Delay   Delay  Logical Name (Net Name)
    ----------------------------------------  ------------
     IBUF:I->O            47   1.328   1.879  reset_IBUF (reset_IBUF)
     LUT2:I0->O            4   0.250   0.803  _n01511 (_n0151)
     FDRE:R                    0.459          rx_state_counter_0
    ----------------------------------------
    Total                      4.719ns (2.037ns logic, 2.682ns route)
                                       (43.2% logic, 56.8% route)

=========================================================================
Timing constraint: Default OFFSET OUT AFTER for Clock 'clk'
  Total number of paths / destination ports: 11 / 11
-------------------------------------------------------------------------
Offset:              5.658ns (Levels of Logic = 2)
  Source:            tx_state_fsm_state (FF)
  Destination:       tx_ready (PAD)
  Source Clock:      clk rising

  Data Path: tx_state_fsm_state to tx_ready
                                Gate     Net
    Cell:in->out      fanout   Delay   Delay  Logical Name (Net Name)
    ----------------------------------------  ------------
     FDC:C->Q             20   0.525   1.285  tx_state_fsm_state (tx_state_fsm_state)
     INV:I->O              1   0.255   0.681  tx_state_fsm_state_inv1_INV_0 (tx_ready_OBUF)
     OBUF:I->O                 2.912          tx_ready_OBUF (tx_ready)
    ----------------------------------------
    Total                      5.658ns (3.692ns logic, 1.966ns route)
                                       (65.3% logic, 34.7% route)

=========================================================================

Cross Clock Domains Report:
--------------------------

Clock to Setup on destination clock clk
---------------+---------+---------+---------+---------+
               | Src:Rise| Src:Fall| Src:Rise| Src:Fall|
Source Clock   |Dest:Rise|Dest:Rise|Dest:Fall|Dest:Fall|
---------------+---------+---------+---------+---------+
clk            |    3.464|         |         |         |
---------------+---------+---------+---------+---------+

=========================================================================


Total REAL time to Xst completion: 6.00 secs
Total CPU time to Xst completion: 6.50 secs
 
--> 

Total memory usage is 278040 kilobytes

Number of errors   :    0 (   0 filtered)
Number of warnings :    0 (   0 filtered)
Number of infos    :    1 (   0 filtered)

