--------------------------------------------------------------------------------
Release 14.7 Trace  (nt64)
Copyright (c) 1995-2013 Xilinx, Inc.  All rights reserved.

C:\Xilinx\14.7\ISE_DS\ISE\bin\nt64\unwrapped\trce.exe -intstyle ise -v 3 -s 2
-n 3 -fastpaths -xml main.twx main.ncd -o main.twr main.pcf -ucf pins.ucf

Design file:              main.ncd
Physical constraint file: main.pcf
Device,package,speed:     xc6slx16,csg324,C,-2 (PRODUCTION 1.23 2013-10-13)
Report level:             verbose report

Environment Variable      Effect 
--------------------      ------ 
NONE                      No environment variables were set
--------------------------------------------------------------------------------

INFO:Timing:2698 - No timing constraints found, doing default enumeration.
INFO:Timing:3412 - To improve timing, see the Timing Closure User Guide (UG612).
INFO:Timing:2752 - To get complete path coverage, use the unconstrained paths 
   option. All paths that are not constrained will be reported in the 
   unconstrained paths section(s) of the report.
INFO:Timing:3339 - The clock-to-out numbers in this timing report are based on 
   a 50 Ohm transmission line loading model.  For the details of this model, 
   and for more information on accounting for different loading conditions, 
   please see the device datasheet.



Data Sheet report:
-----------------
All values displayed in nanoseconds (ns)

Pad to Pad
---------------+---------------+---------+
Source Pad     |Destination Pad|  Delay  |
---------------+---------------+---------+
BOTAO<0>       |HDR<0>         |   13.722|
BOTAO<0>       |LED<0>         |   13.979|
BOTAO<1>       |HDR<1>         |   12.818|
BOTAO<1>       |LED<1>         |   13.628|
BOTAO<2>       |HDR<2>         |    9.813|
BOTAO<2>       |LED<2>         |    9.710|
BOTAO<3>       |HDR<3>         |   12.602|
BOTAO<3>       |LED<3>         |    9.044|
SWITCH<0>      |HDR<0>         |   12.013|
SWITCH<0>      |LED<0>         |   12.270|
SWITCH<1>      |HDR<1>         |   10.904|
SWITCH<1>      |LED<1>         |   11.714|
SWITCH<2>      |HDR<2>         |    9.932|
SWITCH<2>      |LED<2>         |    9.829|
SWITCH<3>      |HDR<3>         |   13.623|
SWITCH<3>      |LED<3>         |   10.065|
---------------+---------------+---------+


Analysis completed Sat May 27 17:30:16 2017 
--------------------------------------------------------------------------------

Trace Settings:
-------------------------
Trace Settings 

Peak Memory Usage: 242 MB



