
****** PlanAhead v13.4 (64-bit)
  **** Build 157570 by hdbuild on Fri Dec 16 13:06:31 MST 2011
    ** Copyright 1986-1999, 2001-2011 Xilinx, Inc. All Rights Reserved.

INFO: [Common-78] Attempting to get a license: PlanAhead
INFO: [Common-82] Got a license: PlanAhead
INFO: [Device-25] Loading parts and site information from C:/Xilinx/13.4/ISE_DS/PlanAhead\parts\arch.xmlParsing RTL primitives file [C:/Xilinx/13.4/ISE_DS/PlanAhead\parts\xilinx\rtl\prims\rtl_prims.xml]
Finished parsing RTL primitives file [C:/Xilinx/13.4/ISE_DS/PlanAhead\parts\xilinx\rtl\prims\rtl_prims.xml]
start_gui
starting gui ...
source C:/Users/bruno.lerner/Desktop/Microproc/teste/pa.fromHdl.tcl
# create_project -name teste -dir "C:/Users/bruno.lerner/Desktop/Microproc/teste/planAhead_run_1" -part xc6slx16csg324-2
Parsing template File [C:/Xilinx/13.4/ISE_DS/ISE\data\projnav\templates\verilog.xml].
Finished parsing template File [C:/Xilinx/13.4/ISE_DS/ISE\data\projnav\templates\verilog.xml].
Parsing template File [C:/Xilinx/13.4/ISE_DS/ISE\data\projnav\templates\vhdl.xml].
Finished parsing template File [C:/Xilinx/13.4/ISE_DS/ISE\data\projnav\templates\vhdl.xml].
Parsing template File [C:/Xilinx/13.4/ISE_DS/ISE\data\projnav\templates\ucf.xml].
Finished parsing template File [C:/Xilinx/13.4/ISE_DS/ISE\data\projnav\templates\ucf.xml].
# set_param project.pinAheadLayout yes
# set srcset [get_property srcset [current_run -impl]]
# set_property target_constrs_file "pins.ucf" [current_fileset -constrset]
Adding file 'C:\Users\bruno.lerner\Desktop\Microproc\teste\pins.ucf' to fileset 'constrs_1'
# set hdlfile [add_files [list {projeto1.vhd}]]
# set_property file_type VHDL $hdlfile
# set_property library work $hdlfile
# set_property top counter $srcset
# add_files [list {pins.ucf}] -fileset [get_property constrset [current_run]]
# open_rtl_design -part xc6slx16csg324-2
INFO: [PlanAhead-58] Using Verific elaboration
Parsing VHDL file "C:/Xilinx/13.4/ISE_DS/PlanAhead\parts\xilinx\rtl\lib\synplify\synattr.vhd" into library synplify
Parsing VHDL file "C:/Xilinx/13.4/ISE_DS/PlanAhead\parts\xilinx\rtl\lib\synplify\synattr.vhd" into library synplify
Parsing VHDL file "C:\Users\bruno.lerner\Desktop\Microproc\teste\projeto1.vhd" into library work
Loading clock regions from C:/Xilinx/13.4/ISE_DS/PlanAhead\parts/xilinx/spartan6/spartan6lx/xc6slx16/ClockRegion.xml
Loading clock buffers from C:/Xilinx/13.4/ISE_DS/PlanAhead\parts/xilinx/spartan6/spartan6lx/xc6slx16/ClockBuffers.xml
Loading package pin functions from C:/Xilinx/13.4/ISE_DS/PlanAhead\parts\xilinx\spartan6/PinFunctions.xml...
Loading package from C:/Xilinx/13.4/ISE_DS/PlanAhead\parts/xilinx/spartan6/spartan6lx/xc6slx16/csg324/Package.xml
Loading io standards from C:/Xilinx/13.4/ISE_DS/PlanAhead\./parts/xilinx/spartan6/IOStandards.xml
Loading device configuration modes from C:/Xilinx/13.4/ISE_DS/PlanAhead\parts\xilinx\spartan6/ConfigModes.xml
Loading list of drcs for the architecture : C:/Xilinx/13.4/ISE_DS/PlanAhead\./parts/xilinx/spartan6/drc.xml
Parsing UCF File [C:\Users\bruno.lerner\Desktop\Microproc\teste\pins.ucf]
Finished Parsing UCF File [C:\Users\bruno.lerner\Desktop\Microproc\teste\pins.ucf]
INFO: [PlanAhead-566] Unisim Transformation Summary:
No Unisim elements were transformed.open_rtl_design: Time (s): 16.560w.  Memory (MB): 713.582p 212.113g
Qt: Untested Windows version 6.2 detected!
exit
stop_gui
INFO: [PlanAhead-261] Exiting PlanAhead...
INFO: [Common-83] Releasing license: PlanAhead
